{"/Users/tom/projects/batto-utils/src/index.ts": {"path":"/Users/tom/projects/batto-utils/src/index.ts","statementMap":{"0":{"start":{"line":1,"column":0},"end":{"line":1,"column":23}},"1":{"start":{"line":2,"column":0},"end":{"line":2,"column":21}},"2":{"start":{"line":3,"column":0},"end":{"line":3,"column":23}},"3":{"start":{"line":4,"column":0},"end":{"line":4,"column":28}}},"fnMap":{},"branchMap":{},"s":{"0":4,"1":4,"2":4,"3":4},"f":{},"b":{}}
,"/Users/tom/projects/batto-utils/src/api-client/AxiosApiClient.ts": {"path":"/Users/tom/projects/batto-utils/src/api-client/AxiosApiClient.ts","statementMap":{"0":{"start":{"line":2,"column":0},"end":{"line":2,"column":49}},"1":{"start":{"line":4,"column":0},"end":{"line":4,"column":37}},"2":{"start":{"line":8,"column":0},"end":{"line":8,"column":13}},"3":{"start":{"line":9,"column":23},"end":{"line":9,"column":51}},"4":{"start":{"line":11,"column":10},"end":{"line":13,"column":null}},"5":{"start":{"line":12,"column":8},"end":{"line":12,"column":null}},"6":{"start":{"line":14,"column":10},"end":{"line":16,"column":null}},"7":{"start":{"line":15,"column":8},"end":{"line":15,"column":null}},"8":{"start":{"line":17,"column":10},"end":{"line":19,"column":null}},"9":{"start":{"line":18,"column":8},"end":{"line":18,"column":null}},"10":{"start":{"line":20,"column":10},"end":{"line":22,"column":null}},"11":{"start":{"line":21,"column":8},"end":{"line":21,"column":null}},"12":{"start":{"line":23,"column":10},"end":{"line":25,"column":null}},"13":{"start":{"line":24,"column":8},"end":{"line":24,"column":null}},"14":{"start":{"line":27,"column":10},"end":{"line":36,"column":null}},"15":{"start":{"line":29,"column":29},"end":{"line":29,"column":null}},"16":{"start":{"line":29,"column":18},"end":{"line":29,"column":null}},"17":{"start":{"line":30,"column":12},"end":{"line":30,"column":null}},"18":{"start":{"line":32,"column":18},"end":{"line":32,"column":null}},"19":{"start":{"line":33,"column":18},"end":{"line":33,"column":null}},"20":{"start":{"line":34,"column":12},"end":{"line":34,"column":null}},"21":{"start":{"line":37,"column":0},"end":{"line":37,"column":null}},"22":{"start":{"line":8,"column":13},"end":{"line":8,"column":27}}},"fnMap":{"0":{"name":"(anonymous_0)","decl":{"start":{"line":8,"column":0},"end":{"line":8,"column":13}},"loc":{"start":{"line":8,"column":0},"end":{"line":37,"column":null}}},"1":{"name":"AxiosApiClient","decl":{"start":{"line":9,"column":4},"end":{"line":9,"column":23}},"loc":{"start":{"line":9,"column":51},"end":{"line":9,"column":55}}},"2":{"name":"(anonymous_2)","decl":{"start":{"line":11,"column":4},"end":{"line":11,"column":10}},"loc":{"start":{"line":11,"column":76},"end":{"line":13,"column":null}}},"3":{"name":"(anonymous_5)","decl":{"start":{"line":14,"column":4},"end":{"line":14,"column":10}},"loc":{"start":{"line":14,"column":63},"end":{"line":16,"column":null}}},"4":{"name":"(anonymous_8)","decl":{"start":{"line":17,"column":4},"end":{"line":17,"column":10}},"loc":{"start":{"line":17,"column":75},"end":{"line":19,"column":null}}},"5":{"name":"(anonymous_11)","decl":{"start":{"line":20,"column":4},"end":{"line":20,"column":10}},"loc":{"start":{"line":20,"column":77},"end":{"line":22,"column":null}}},"6":{"name":"(anonymous_14)","decl":{"start":{"line":23,"column":4},"end":{"line":23,"column":10}},"loc":{"start":{"line":23,"column":66},"end":{"line":25,"column":null}}},"7":{"name":"(anonymous_17)","decl":{"start":{"line":27,"column":4},"end":{"line":27,"column":10}},"loc":{"start":{"line":27,"column":114},"end":{"line":36,"column":null}}}},"branchMap":{"0":{"loc":{"start":{"line":33,"column":70},"end":{"line":33,"column":92}},"type":"binary-expr","locations":[{"start":{"line":33,"column":70},"end":{"line":33,"column":92}},{"start":{"line":33,"column":96},"end":{"line":33,"column":99}}]},"1":{"loc":{"start":{"line":33,"column":84},"end":{"line":33,"column":86}},"type":"cond-expr","locations":[{"start":{"line":33,"column":84},"end":{"line":33,"column":86}},{"start":{"line":33,"column":84},"end":{"line":33,"column":92}}]},"2":{"loc":{"start":{"line":33,"column":70},"end":{"line":33,"column":86}},"type":"binary-expr","locations":[{"start":{"line":33,"column":70},"end":{"line":33,"column":86}},{"start":{"line":33,"column":84},"end":{"line":33,"column":86}}]},"3":{"loc":{"start":{"line":33,"column":115},"end":{"line":33,"column":117}},"type":"cond-expr","locations":[{"start":{"line":33,"column":115},"end":{"line":33,"column":117}},{"start":{"line":33,"column":115},"end":{"line":33,"column":121}}]},"4":{"loc":{"start":{"line":33,"column":99},"end":{"line":33,"column":117}},"type":"binary-expr","locations":[{"start":{"line":33,"column":99},"end":{"line":33,"column":117}},{"start":{"line":33,"column":115},"end":{"line":33,"column":117}}]}},"s":{"0":4,"1":4,"2":4,"3":1,"4":4,"5":0,"6":4,"7":2,"8":4,"9":0,"10":4,"11":0,"12":4,"13":0,"14":4,"15":2,"16":2,"17":1,"18":1,"19":1,"20":1,"21":4,"22":4},"f":{"0":4,"1":1,"2":0,"3":2,"4":0,"5":0,"6":0,"7":2},"b":{"0":[1,0],"1":[0,1],"2":[1,1],"3":[0,1],"4":[1,1]}}
,"/Users/tom/projects/batto-utils/src/api-client/index.ts": {"path":"/Users/tom/projects/batto-utils/src/api-client/index.ts","statementMap":{"0":{"start":{"line":2,"column":0},"end":{"line":2,"column":9}},"1":{"start":{"line":6,"column":4},"end":{"line":2,"column":50}}},"fnMap":{"0":{"name":"(anonymous_0)","decl":{"start":{"line":6,"column":4},"end":{"line":6,"column":18}},"loc":{"start":{"line":6,"column":4},"end":{"line":2,"column":50}}}},"branchMap":{},"s":{"0":4,"1":5},"f":{"0":1},"b":{}}
,"/Users/tom/projects/batto-utils/src/error/IError.ts": {"path":"/Users/tom/projects/batto-utils/src/error/IError.ts","statementMap":{"0":{"start":{"line":7,"column":0},"end":{"line":7,"column":13}},"1":{"start":{"line":8,"column":4},"end":{"line":10,"column":null}},"2":{"start":{"line":9,"column":8},"end":{"line":9,"column":null}},"3":{"start":{"line":11,"column":4},"end":{"line":13,"column":null}},"4":{"start":{"line":12,"column":8},"end":{"line":12,"column":null}},"5":{"start":{"line":14,"column":0},"end":{"line":14,"column":null}},"6":{"start":{"line":7,"column":13},"end":{"line":7,"column":22}}},"fnMap":{"0":{"name":"(anonymous_0)","decl":{"start":{"line":7,"column":0},"end":{"line":7,"column":13}},"loc":{"start":{"line":7,"column":0},"end":{"line":14,"column":null}}},"1":{"name":"(anonymous_2)","decl":{"start":{"line":8,"column":4},"end":{"line":8,"column":10}},"loc":{"start":{"line":8,"column":4},"end":{"line":10,"column":5}}},"2":{"name":"(anonymous_3)","decl":{"start":{"line":11,"column":4},"end":{"line":11,"column":12}},"loc":{"start":{"line":11,"column":4},"end":{"line":13,"column":5}}}},"branchMap":{},"s":{"0":0,"1":0,"2":0,"3":0,"4":0,"5":0,"6":0},"f":{"0":0,"1":0,"2":0},"b":{}}
,"/Users/tom/projects/batto-utils/src/error/RequestError.ts": {"path":"/Users/tom/projects/batto-utils/src/error/RequestError.ts","statementMap":{"0":{"start":{"line":5,"column":0},"end":{"line":5,"column":null}},"1":{"start":{"line":6,"column":23},"end":{"line":6,"column":34}},"2":{"start":{"line":6,"column":43},"end":{"line":6,"column":57}},"3":{"start":{"line":6,"column":66},"end":{"line":6,"column":101}},"4":{"start":{"line":6,"column":110},"end":{"line":6,"column":137}},"5":{"start":{"line":6,"column":146},"end":{"line":6,"column":188}},"6":{"start":{"line":9,"column":4},"end":{"line":17,"column":null}},"7":{"start":{"line":10,"column":8},"end":{"line":16,"column":null}},"8":{"start":{"line":18,"column":4},"end":{"line":20,"column":null}},"9":{"start":{"line":19,"column":8},"end":{"line":19,"column":null}},"10":{"start":{"line":22,"column":0},"end":{"line":22,"column":null}}},"fnMap":{"0":{"name":"(anonymous_0)","decl":{"start":{"line":5,"column":0},"end":{"line":5,"column":null}},"loc":{"start":{"line":5,"column":0},"end":{"line":22,"column":null}}},"1":{"name":"RequestError","decl":{"start":{"line":6,"column":4},"end":{"line":6,"column":23}},"loc":{"start":{"line":6,"column":188},"end":{"line":8,"column":5}}},"2":{"name":"(anonymous_2)","decl":{"start":{"line":9,"column":4},"end":{"line":9,"column":10}},"loc":{"start":{"line":9,"column":4},"end":{"line":17,"column":5}}},"3":{"name":"(anonymous_3)","decl":{"start":{"line":18,"column":4},"end":{"line":18,"column":12}},"loc":{"start":{"line":18,"column":4},"end":{"line":20,"column":5}}}},"branchMap":{"0":{"loc":{"start":{"line":13,"column":25},"end":{"line":13,"column":34}},"type":"binary-expr","locations":[{"start":{"line":13,"column":25},"end":{"line":13,"column":34}},{"start":{"line":13,"column":38},"end":{"line":13,"column":42}}]}},"s":{"0":4,"1":1,"2":1,"3":1,"4":1,"5":1,"6":4,"7":5,"8":4,"9":0,"10":4},"f":{"0":4,"1":1,"2":5,"3":0},"b":{"0":[5,5]}}
,"/Users/tom/projects/batto-utils/src/error/index.ts": {"path":"/Users/tom/projects/batto-utils/src/error/index.ts","statementMap":{"0":{"start":{"line":2,"column":0},"end":{"line":2,"column":7}},"1":{"start":{"line":6,"column":4},"end":{"line":2,"column":42}}},"fnMap":{},"branchMap":{},"s":{"0":4,"1":4},"f":{},"b":{}}
,"/Users/tom/projects/batto-utils/src/koa/JSONController.ts": {"path":"/Users/tom/projects/batto-utils/src/koa/JSONController.ts","statementMap":{"0":{"start":{"line":4,"column":0},"end":{"line":4,"column":null}},"1":{"start":{"line":5,"column":16},"end":{"line":13,"column":null}},"2":{"start":{"line":10,"column":4},"end":{"line":12,"column":null}},"3":{"start":{"line":14,"column":16},"end":{"line":21,"column":null}},"4":{"start":{"line":15,"column":4},"end":{"line":15,"column":null}},"5":{"start":{"line":16,"column":4},"end":{"line":19,"column":null}},"6":{"start":{"line":17,"column":6},"end":{"line":17,"column":null}},"7":{"start":{"line":18,"column":6},"end":{"line":18,"column":null}},"8":{"start":{"line":20,"column":4},"end":{"line":20,"column":10}},"9":{"start":{"line":23,"column":9},"end":{"line":29,"column":null}},"10":{"start":{"line":24,"column":4},"end":{"line":28,"column":null}},"11":{"start":{"line":25,"column":6},"end":{"line":25,"column":null}},"12":{"start":{"line":27,"column":6},"end":{"line":27,"column":null}},"13":{"start":{"line":31,"column":9},"end":{"line":33,"column":null}},"14":{"start":{"line":32,"column":4},"end":{"line":32,"column":null}},"15":{"start":{"line":35,"column":9},"end":{"line":41,"column":null}},"16":{"start":{"line":36,"column":4},"end":{"line":40,"column":null}},"17":{"start":{"line":43,"column":9},"end":{"line":49,"column":null}},"18":{"start":{"line":44,"column":4},"end":{"line":48,"column":null}},"19":{"start":{"line":51,"column":9},"end":{"line":57,"column":null}},"20":{"start":{"line":52,"column":4},"end":{"line":56,"column":null}},"21":{"start":{"line":59,"column":9},"end":{"line":65,"column":null}},"22":{"start":{"line":60,"column":4},"end":{"line":64,"column":null}},"23":{"start":{"line":67,"column":9},"end":{"line":73,"column":null}},"24":{"start":{"line":68,"column":4},"end":{"line":72,"column":null}},"25":{"start":{"line":75,"column":9},"end":{"line":81,"column":null}},"26":{"start":{"line":76,"column":4},"end":{"line":80,"column":null}},"27":{"start":{"line":83,"column":9},"end":{"line":89,"column":null}},"28":{"start":{"line":84,"column":4},"end":{"line":88,"column":null}},"29":{"start":{"line":91,"column":9},"end":{"line":93,"column":null}},"30":{"start":{"line":92,"column":4},"end":{"line":92,"column":null}},"31":{"start":{"line":95,"column":9},"end":{"line":97,"column":null}},"32":{"start":{"line":96,"column":4},"end":{"line":96,"column":null}},"33":{"start":{"line":98,"column":0},"end":{"line":98,"column":null}}},"fnMap":{"0":{"name":"(anonymous_0)","decl":{"start":{"line":4,"column":0},"end":{"line":4,"column":null}},"loc":{"start":{"line":4,"column":0},"end":{"line":98,"column":null}}},"1":{"name":"(anonymous_2)","decl":{"start":{"line":5,"column":2},"end":{"line":5,"column":16}},"loc":{"start":{"line":8,"column":19},"end":{"line":13,"column":3}}},"2":{"name":"(anonymous_3)","decl":{"start":{"line":14,"column":2},"end":{"line":14,"column":16}},"loc":{"start":{"line":14,"column":68},"end":{"line":21,"column":3}}},"3":{"name":"(anonymous_4)","decl":{"start":{"line":23,"column":2},"end":{"line":23,"column":9}},"loc":{"start":{"line":23,"column":37},"end":{"line":29,"column":3}}},"4":{"name":"(anonymous_5)","decl":{"start":{"line":31,"column":2},"end":{"line":31,"column":9}},"loc":{"start":{"line":31,"column":41},"end":{"line":33,"column":3}}},"5":{"name":"(anonymous_6)","decl":{"start":{"line":35,"column":2},"end":{"line":35,"column":9}},"loc":{"start":{"line":35,"column":51},"end":{"line":41,"column":3}}},"6":{"name":"(anonymous_7)","decl":{"start":{"line":43,"column":2},"end":{"line":43,"column":9}},"loc":{"start":{"line":43,"column":52},"end":{"line":49,"column":3}}},"7":{"name":"(anonymous_8)","decl":{"start":{"line":51,"column":2},"end":{"line":51,"column":9}},"loc":{"start":{"line":51,"column":55},"end":{"line":57,"column":3}}},"8":{"name":"(anonymous_9)","decl":{"start":{"line":59,"column":2},"end":{"line":59,"column":9}},"loc":{"start":{"line":59,"column":49},"end":{"line":65,"column":3}}},"9":{"name":"(anonymous_10)","decl":{"start":{"line":67,"column":2},"end":{"line":67,"column":9}},"loc":{"start":{"line":67,"column":48},"end":{"line":73,"column":3}}},"10":{"name":"(anonymous_11)","decl":{"start":{"line":75,"column":2},"end":{"line":75,"column":9}},"loc":{"start":{"line":75,"column":48},"end":{"line":81,"column":3}}},"11":{"name":"(anonymous_12)","decl":{"start":{"line":83,"column":2},"end":{"line":83,"column":9}},"loc":{"start":{"line":83,"column":47},"end":{"line":89,"column":3}}},"12":{"name":"(anonymous_13)","decl":{"start":{"line":91,"column":2},"end":{"line":91,"column":9}},"loc":{"start":{"line":91,"column":26},"end":{"line":93,"column":3}}},"13":{"name":"(anonymous_14)","decl":{"start":{"line":95,"column":2},"end":{"line":95,"column":9}},"loc":{"start":{"line":95,"column":41},"end":{"line":97,"column":3}}}},"branchMap":{"0":{"loc":{"start":{"line":16,"column":4},"end":{"line":19,"column":null}},"type":"if","locations":[{"start":{"line":16,"column":4},"end":{"line":19,"column":null}},{"start":{"line":16,"column":4},"end":{"line":19,"column":null}}]},"1":{"loc":{"start":{"line":24,"column":4},"end":{"line":28,"column":null}},"type":"if","locations":[{"start":{"line":24,"column":4},"end":{"line":28,"column":null}},{"start":{"line":24,"column":4},"end":{"line":28,"column":null}}]},"2":{"loc":{"start":{"line":39,"column":16},"end":{"line":39,"column":23}},"type":"cond-expr","locations":[{"start":{"line":39,"column":16},"end":{"line":39,"column":23}},{"start":{"line":39,"column":26},"end":{"line":39,"column":40}}]},"3":{"loc":{"start":{"line":47,"column":16},"end":{"line":47,"column":23}},"type":"cond-expr","locations":[{"start":{"line":47,"column":16},"end":{"line":47,"column":23}},{"start":{"line":47,"column":26},"end":{"line":47,"column":40}}]},"4":{"loc":{"start":{"line":55,"column":16},"end":{"line":55,"column":23}},"type":"cond-expr","locations":[{"start":{"line":55,"column":16},"end":{"line":55,"column":23}},{"start":{"line":55,"column":26},"end":{"line":55,"column":44}}]},"5":{"loc":{"start":{"line":63,"column":16},"end":{"line":63,"column":23}},"type":"cond-expr","locations":[{"start":{"line":63,"column":16},"end":{"line":63,"column":23}},{"start":{"line":63,"column":26},"end":{"line":63,"column":37}}]},"6":{"loc":{"start":{"line":71,"column":16},"end":{"line":71,"column":23}},"type":"cond-expr","locations":[{"start":{"line":71,"column":16},"end":{"line":71,"column":23}},{"start":{"line":71,"column":26},"end":{"line":71,"column":37}}]},"7":{"loc":{"start":{"line":79,"column":16},"end":{"line":79,"column":23}},"type":"cond-expr","locations":[{"start":{"line":79,"column":16},"end":{"line":79,"column":23}},{"start":{"line":79,"column":26},"end":{"line":79,"column":36}}]},"8":{"loc":{"start":{"line":87,"column":16},"end":{"line":87,"column":23}},"type":"cond-expr","locations":[{"start":{"line":87,"column":16},"end":{"line":87,"column":23}},{"start":{"line":87,"column":26},"end":{"line":87,"column":45}}]}},"s":{"0":4,"1":4,"2":9,"3":4,"4":14,"5":14,"6":13,"7":13,"8":14,"9":4,"10":1,"11":1,"12":0,"13":4,"14":1,"15":4,"16":1,"17":4,"18":1,"19":4,"20":1,"21":4,"22":1,"23":4,"24":1,"25":4,"26":1,"27":4,"28":1,"29":4,"30":1,"31":4,"32":1,"33":4},"f":{"0":5,"1":9,"2":14,"3":1,"4":1,"5":1,"6":1,"7":1,"8":1,"9":1,"10":1,"11":1,"12":1,"13":1},"b":{"0":[13,1],"1":[1,0],"2":[0,1],"3":[0,1],"4":[0,1],"5":[0,1],"6":[0,1],"7":[0,1],"8":[0,1]}}
,"/Users/tom/projects/batto-utils/src/koa/index.ts": {"path":"/Users/tom/projects/batto-utils/src/koa/index.ts","statementMap":{"0":{"start":{"line":1,"column":0},"end":{"line":1,"column":7}},"1":{"start":{"line":4,"column":4},"end":{"line":1,"column":46}}},"fnMap":{},"branchMap":{},"s":{"0":4,"1":4},"f":{},"b":{}}
,"/Users/tom/projects/batto-utils/src/types/Result.ts": {"path":"/Users/tom/projects/batto-utils/src/types/Result.ts","statementMap":{"0":{"start":{"line":4,"column":0},"end":{"line":4,"column":null}},"1":{"start":{"line":11,"column":6},"end":{"line":14,"column":null}},"2":{"start":{"line":12,"column":8},"end":{"line":13,"column":44}},"3":{"start":{"line":15,"column":6},"end":{"line":18,"column":null}},"4":{"start":{"line":16,"column":8},"end":{"line":17,"column":46}},"5":{"start":{"line":20,"column":6},"end":{"line":20,"column":33}},"6":{"start":{"line":21,"column":6},"end":{"line":21,"column":34}},"7":{"start":{"line":22,"column":6},"end":{"line":22,"column":25}},"8":{"start":{"line":23,"column":6},"end":{"line":23,"column":34}},"9":{"start":{"line":25,"column":6},"end":{"line":25,"column":26}},"10":{"start":{"line":28,"column":11},"end":{"line":34,"column":null}},"11":{"start":{"line":29,"column":6},"end":{"line":31,"column":null}},"12":{"start":{"line":30,"column":8},"end":{"line":30,"column":null}},"13":{"start":{"line":33,"column":6},"end":{"line":33,"column":25}},"14":{"start":{"line":36,"column":18},"end":{"line":38,"column":null}},"15":{"start":{"line":37,"column":6},"end":{"line":37,"column":46}},"16":{"start":{"line":40,"column":18},"end":{"line":42,"column":null}},"17":{"start":{"line":41,"column":6},"end":{"line":41,"column":41}},"18":{"start":{"line":44,"column":18},"end":{"line":49,"column":null}},"19":{"start":{"line":45,"column":6},"end":{"line":47,"column":null}},"20":{"start":{"line":45,"column":25},"end":{"line":45,"column":32}},"21":{"start":{"line":45,"column":21},"end":{"line":45,"column":25}},"22":{"start":{"line":46,"column":8},"end":{"line":46,"column":44}},"23":{"start":{"line":46,"column":30},"end":{"line":46,"column":44}},"24":{"start":{"line":48,"column":6},"end":{"line":48,"column":30}},"25":{"start":{"line":50,"column":2},"end":{"line":50,"column":null}}},"fnMap":{"0":{"name":"(anonymous_0)","decl":{"start":{"line":4,"column":0},"end":{"line":4,"column":null}},"loc":{"start":{"line":4,"column":0},"end":{"line":50,"column":null}}},"1":{"name":"Result","decl":{"start":{"line":10,"column":4},"end":{"line":10,"column":25}},"loc":{"start":{"line":10,"column":80},"end":{"line":26,"column":5}}},"2":{"name":"(anonymous_2)","decl":{"start":{"line":28,"column":4},"end":{"line":28,"column":11}},"loc":{"start":{"line":28,"column":4},"end":{"line":34,"column":5}}},"3":{"name":"(anonymous_3)","decl":{"start":{"line":36,"column":4},"end":{"line":36,"column":18}},"loc":{"start":{"line":36,"column":34},"end":{"line":38,"column":5}}},"4":{"name":"(anonymous_4)","decl":{"start":{"line":40,"column":4},"end":{"line":40,"column":18}},"loc":{"start":{"line":40,"column":40},"end":{"line":42,"column":5}}},"5":{"name":"(anonymous_5)","decl":{"start":{"line":44,"column":4},"end":{"line":44,"column":18}},"loc":{"start":{"line":44,"column":49},"end":{"line":49,"column":5}}}},"branchMap":{"0":{"loc":{"start":{"line":11,"column":6},"end":{"line":14,"column":null}},"type":"if","locations":[{"start":{"line":11,"column":6},"end":{"line":14,"column":null}},{"start":{"line":11,"column":6},"end":{"line":14,"column":null}}]},"1":{"loc":{"start":{"line":11,"column":10},"end":{"line":11,"column":19}},"type":"binary-expr","locations":[{"start":{"line":11,"column":10},"end":{"line":11,"column":19}},{"start":{"line":11,"column":23},"end":{"line":11,"column":28}}]},"2":{"loc":{"start":{"line":15,"column":6},"end":{"line":18,"column":null}},"type":"if","locations":[{"start":{"line":15,"column":6},"end":{"line":18,"column":null}},{"start":{"line":15,"column":6},"end":{"line":18,"column":null}}]},"3":{"loc":{"start":{"line":15,"column":10},"end":{"line":15,"column":20}},"type":"binary-expr","locations":[{"start":{"line":15,"column":10},"end":{"line":15,"column":20}},{"start":{"line":15,"column":24},"end":{"line":15,"column":30}}]},"4":{"loc":{"start":{"line":23,"column":20},"end":{"line":23,"column":25}},"type":"binary-expr","locations":[{"start":{"line":23,"column":20},"end":{"line":23,"column":25}},{"start":{"line":23,"column":29},"end":{"line":23,"column":33}}]},"5":{"loc":{"start":{"line":29,"column":6},"end":{"line":31,"column":null}},"type":"if","locations":[{"start":{"line":29,"column":6},"end":{"line":31,"column":null}},{"start":{"line":29,"column":6},"end":{"line":31,"column":null}}]},"6":{"loc":{"start":{"line":46,"column":8},"end":{"line":46,"column":44}},"type":"if","locations":[{"start":{"line":46,"column":8},"end":{"line":46,"column":44}},{"start":{"line":46,"column":8},"end":{"line":46,"column":44}}]}},"s":{"0":4,"1":4,"2":0,"3":4,"4":0,"5":4,"6":4,"7":4,"8":4,"9":4,"10":4,"11":4,"12":0,"13":3,"14":4,"15":2,"16":4,"17":2,"18":4,"19":0,"20":0,"21":0,"22":0,"23":0,"24":0,"25":4},"f":{"0":4,"1":4,"2":4,"3":2,"4":2,"5":0},"b":{"0":[0,4],"1":[4,2],"2":[0,4],"3":[4,2],"4":[4,2],"5":[0,3],"6":[0,0]}}
,"/Users/tom/projects/batto-utils/src/types/index.ts": {"path":"/Users/tom/projects/batto-utils/src/types/index.ts","statementMap":{"0":{"start":{"line":2,"column":0},"end":{"line":2,"column":7}},"1":{"start":{"line":7,"column":4},"end":{"line":2,"column":30}},"2":{"start":{"line":3,"column":0},"end":{"line":3,"column":7}},"3":{"start":{"line":8,"column":4},"end":{"line":3,"column":36}}},"fnMap":{},"branchMap":{},"s":{"0":4,"1":4,"2":4,"3":4},"f":{},"b":{}}
,"/Users/tom/projects/batto-utils/src/types/toBoolean.ts": {"path":"/Users/tom/projects/batto-utils/src/types/toBoolean.ts","statementMap":{"0":{"start":{"line":1,"column":18},"end":{"line":1,"column":48}},"1":{"start":{"line":1,"column":47},"end":{"line":1,"column":null}},"2":{"start":{"line":2,"column":0},"end":{"line":2,"column":null}}},"fnMap":{"0":{"name":"(anonymous_0)","decl":{"start":{"line":1,"column":18},"end":{"line":1,"column":19}},"loc":{"start":{"line":1,"column":33},"end":{"line":1,"column":48}}}},"branchMap":{},"s":{"0":4,"1":9,"2":4},"f":{"0":9},"b":{}}
}
