TN:
SF:src/index.ts
FNF:0
FNH:0
DA:1,4
DA:2,4
DA:3,4
DA:4,4
LF:4
LH:4
BRF:0
BRH:0
end_of_record
TN:
SF:src/api-client/AxiosApiClient.ts
FN:8,(anonymous_0)
FN:9,AxiosApiClient
FN:11,(anonymous_2)
FN:14,(anonymous_5)
FN:17,(anonymous_8)
FN:20,(anonymous_11)
FN:23,(anonymous_14)
FN:27,(anonymous_17)
FNF:8
FNH:4
FNDA:4,(anonymous_0)
FNDA:1,AxiosApiClient
FNDA:0,(anonymous_2)
FNDA:2,(anonymous_5)
FNDA:0,(anonymous_8)
FNDA:0,(anonymous_11)
FNDA:0,(anonymous_14)
FNDA:2,(anonymous_17)
DA:2,4
DA:4,4
DA:8,4
DA:9,1
DA:11,4
DA:12,0
DA:14,4
DA:15,2
DA:17,4
DA:18,0
DA:20,4
DA:21,0
DA:23,4
DA:24,0
DA:27,4
DA:29,2
DA:30,1
DA:32,1
DA:33,1
DA:34,1
DA:37,4
LF:21
LH:17
BRDA:33,0,0,1
BRDA:33,0,1,0
BRDA:33,1,0,0
BRDA:33,1,1,1
BRDA:33,2,0,1
BRDA:33,2,1,1
BRDA:33,3,0,0
BRDA:33,3,1,1
BRDA:33,4,0,1
BRDA:33,4,1,1
BRF:10
BRH:7
end_of_record
TN:
SF:src/api-client/index.ts
FN:6,(anonymous_0)
FNF:1
FNH:1
FNDA:1,(anonymous_0)
DA:2,4
DA:6,5
LF:2
LH:2
BRF:0
BRH:0
end_of_record
TN:
SF:src/error/IError.ts
FN:7,(anonymous_0)
FN:8,(anonymous_2)
FN:11,(anonymous_3)
FNF:3
FNH:0
FNDA:0,(anonymous_0)
FNDA:0,(anonymous_2)
FNDA:0,(anonymous_3)
DA:7,0
DA:8,0
DA:9,0
DA:11,0
DA:12,0
DA:14,0
LF:6
LH:0
BRF:0
BRH:0
end_of_record
TN:
SF:src/error/RequestError.ts
FN:5,(anonymous_0)
FN:6,RequestError
FN:9,(anonymous_2)
FN:18,(anonymous_3)
FNF:4
FNH:3
FNDA:4,(anonymous_0)
FNDA:1,RequestError
FNDA:5,(anonymous_2)
FNDA:0,(anonymous_3)
DA:5,4
DA:6,1
DA:9,4
DA:10,5
DA:18,4
DA:19,0
DA:22,4
LF:7
LH:6
BRDA:13,0,0,5
BRDA:13,0,1,5
BRF:2
BRH:2
end_of_record
TN:
SF:src/error/index.ts
FNF:0
FNH:0
DA:2,4
DA:6,4
LF:2
LH:2
BRF:0
BRH:0
end_of_record
TN:
SF:src/koa/JSONController.ts
FN:4,(anonymous_0)
FN:5,(anonymous_2)
FN:14,(anonymous_3)
FN:23,(anonymous_4)
FN:31,(anonymous_5)
FN:35,(anonymous_6)
FN:43,(anonymous_7)
FN:51,(anonymous_8)
FN:59,(anonymous_9)
FN:67,(anonymous_10)
FN:75,(anonymous_11)
FN:83,(anonymous_12)
FN:91,(anonymous_13)
FN:95,(anonymous_14)
FNF:14
FNH:14
FNDA:5,(anonymous_0)
FNDA:9,(anonymous_2)
FNDA:14,(anonymous_3)
FNDA:1,(anonymous_4)
FNDA:1,(anonymous_5)
FNDA:1,(anonymous_6)
FNDA:1,(anonymous_7)
FNDA:1,(anonymous_8)
FNDA:1,(anonymous_9)
FNDA:1,(anonymous_10)
FNDA:1,(anonymous_11)
FNDA:1,(anonymous_12)
FNDA:1,(anonymous_13)
FNDA:1,(anonymous_14)
DA:4,4
DA:5,4
DA:10,9
DA:14,4
DA:15,14
DA:16,14
DA:17,13
DA:18,13
DA:20,14
DA:23,4
DA:24,1
DA:25,1
DA:27,0
DA:31,4
DA:32,1
DA:35,4
DA:36,1
DA:43,4
DA:44,1
DA:51,4
DA:52,1
DA:59,4
DA:60,1
DA:67,4
DA:68,1
DA:75,4
DA:76,1
DA:83,4
DA:84,1
DA:91,4
DA:92,1
DA:95,4
DA:96,1
DA:98,4
LF:34
LH:33
BRDA:16,0,0,13
BRDA:16,0,1,1
BRDA:24,1,0,1
BRDA:24,1,1,0
BRDA:39,2,0,0
BRDA:39,2,1,1
BRDA:47,3,0,0
BRDA:47,3,1,1
BRDA:55,4,0,0
BRDA:55,4,1,1
BRDA:63,5,0,0
BRDA:63,5,1,1
BRDA:71,6,0,0
BRDA:71,6,1,1
BRDA:79,7,0,0
BRDA:79,7,1,1
BRDA:87,8,0,0
BRDA:87,8,1,1
BRF:18
BRH:10
end_of_record
TN:
SF:src/koa/index.ts
FNF:0
FNH:0
DA:1,4
DA:4,4
LF:2
LH:2
BRF:0
BRH:0
end_of_record
TN:
SF:src/types/Result.ts
FN:4,(anonymous_0)
FN:10,Result
FN:28,(anonymous_2)
FN:36,(anonymous_3)
FN:40,(anonymous_4)
FN:44,(anonymous_5)
FNF:6
FNH:5
FNDA:4,(anonymous_0)
FNDA:4,Result
FNDA:4,(anonymous_2)
FNDA:2,(anonymous_3)
FNDA:2,(anonymous_4)
FNDA:0,(anonymous_5)
DA:4,4
DA:11,4
DA:12,0
DA:15,4
DA:16,0
DA:20,4
DA:21,4
DA:22,4
DA:23,4
DA:25,4
DA:28,4
DA:29,4
DA:30,0
DA:33,3
DA:36,4
DA:37,2
DA:40,4
DA:41,2
DA:44,4
DA:45,0
DA:46,0
DA:48,0
DA:50,4
LF:23
LH:17
BRDA:11,0,0,0
BRDA:11,0,1,4
BRDA:11,1,0,4
BRDA:11,1,1,2
BRDA:15,2,0,0
BRDA:15,2,1,4
BRDA:15,3,0,4
BRDA:15,3,1,2
BRDA:23,4,0,4
BRDA:23,4,1,2
BRDA:29,5,0,0
BRDA:29,5,1,3
BRDA:46,6,0,0
BRDA:46,6,1,0
BRF:14
BRH:9
end_of_record
TN:
SF:src/types/index.ts
FNF:0
FNH:0
DA:2,4
DA:3,4
DA:7,4
DA:8,4
LF:4
LH:4
BRF:0
BRH:0
end_of_record
TN:
SF:src/types/toBoolean.ts
FN:1,(anonymous_0)
FNF:1
FNH:1
FNDA:9,(anonymous_0)
DA:1,9
DA:2,4
LF:2
LH:2
BRF:0
BRH:0
end_of_record
